This file contains any messages produced by compilers while
running configure, to aid debugging if configure makes a mistake.

It was created by SDL2_ttf configure 2.0.18, which was
generated by GNU Autoconf 2.69.  Invocation command line was

  $ ../configure 

## --------- ##
## Platform. ##
## --------- ##

hostname = pirozhok-GF63-8RC
uname -m = x86_64
uname -r = 5.13.0-40-generic
uname -s = Linux
uname -v = #45~20.04.1-Ubuntu SMP Mon Apr 4 09:38:31 UTC 2022

/usr/bin/uname -p = x86_64
/bin/uname -X     = unknown

/bin/arch              = x86_64
/usr/bin/arch -k       = unknown
/usr/convex/getsysinfo = unknown
/usr/bin/hostinfo      = unknown
/bin/machine           = unknown
/usr/bin/oslevel       = unknown
/bin/universe          = unknown

PATH: /usr/local/sbin
PATH: /usr/local/bin
PATH: /usr/sbin
PATH: /usr/bin
PATH: /sbin
PATH: /bin
PATH: /usr/games
PATH: /usr/local/games
PATH: /snap/bin


## ----------- ##
## Core tests. ##
## ----------- ##

configure:2782: checking build system type
configure:2796: result: x86_64-pc-linux-gnu
configure:2816: checking host system type
configure:2829: result: x86_64-pc-linux-gnu
configure:2900: checking for gcc
configure:2916: found /usr/bin/gcc
configure:2927: result: gcc
configure:3156: checking for C compiler version
configure:3165: gcc --version >&5
gcc (Ubuntu 9.4.0-1ubuntu1~20.04.1) 9.4.0
Copyright (C) 2019 Free Software Foundation, Inc.
This is free software; see the source for copying conditions.  There is NO
warranty; not even for MERCHANTABILITY or FITNESS FOR A PARTICULAR PURPOSE.

configure:3176: $? = 0
configure:3165: gcc -v >&5
Using built-in specs.
COLLECT_GCC=gcc
COLLECT_LTO_WRAPPER=/usr/lib/gcc/x86_64-linux-gnu/9/lto-wrapper
OFFLOAD_TARGET_NAMES=nvptx-none:hsa
OFFLOAD_TARGET_DEFAULT=1
Target: x86_64-linux-gnu
Configured with: ../src/configure -v --with-pkgversion='Ubuntu 9.4.0-1ubuntu1~20.04.1' --with-bugurl=file:///usr/share/doc/gcc-9/README.Bugs --enable-languages=c,ada,c++,go,brig,d,fortran,objc,obj-c++,gm2 --prefix=/usr --with-gcc-major-version-only --program-suffix=-9 --program-prefix=x86_64-linux-gnu- --enable-shared --enable-linker-build-id --libexecdir=/usr/lib --without-included-gettext --enable-threads=posix --libdir=/usr/lib --enable-nls --enable-clocale=gnu --enable-libstdcxx-debug --enable-libstdcxx-time=yes --with-default-libstdcxx-abi=new --enable-gnu-unique-object --disable-vtable-verify --enable-plugin --enable-default-pie --with-system-zlib --with-target-system-zlib=auto --enable-objc-gc=auto --enable-multiarch --disable-werror --with-arch-32=i686 --with-abi=m64 --with-multilib-list=m32,m64,mx32 --enable-multilib --with-tune=generic --enable-offload-targets=nvptx-none=/build/gcc-9-Av3uEd/gcc-9-9.4.0/debian/tmp-nvptx/usr,hsa --without-cuda-driver --enable-checking=release --build=x86_64-linux-gnu --host=x86_64-linux-gnu --target=x86_64-linux-gnu
Thread model: posix
gcc version 9.4.0 (Ubuntu 9.4.0-1ubuntu1~20.04.1) 
configure:3176: $? = 0
configure:3165: gcc -V >&5
gcc: error: unrecognized command line option '-V'
gcc: fatal error: no input files
compilation terminated.
configure:3176: $? = 1
configure:3165: gcc -qversion >&5
gcc: error: unrecognized command line option '-qversion'; did you mean '--version'?
gcc: fatal error: no input files
compilation terminated.
configure:3176: $? = 1
configure:3196: checking whether the C compiler works
configure:3218: gcc    conftest.c  >&5
configure:3222: $? = 0
configure:3270: result: yes
configure:3273: checking for C compiler default output file name
configure:3275: result: a.out
configure:3281: checking for suffix of executables
configure:3288: gcc -o conftest    conftest.c  >&5
configure:3292: $? = 0
configure:3314: result: 
configure:3336: checking whether we are cross compiling
configure:3344: gcc -o conftest    conftest.c  >&5
configure:3348: $? = 0
configure:3355: ./conftest
configure:3359: $? = 0
configure:3347: result: no
configure:3352: checking for suffix of object files
configure:3374: gcc -c   conftest.c >&5
configure:3378: $? = 0
configure:3399: result: o
configure:3403: checking whether we are using the GNU C compiler
configure:3422: gcc -c   conftest.c >&5
configure:3422: $? = 0
configure:3431: result: yes
configure:3440: checking whether gcc accepts -g
configure:3460: gcc -c -g  conftest.c >&5
configure:3460: $? = 0
configure:3501: result: yes
configure:3518: checking for gcc option to accept ISO C89
configure:3581: gcc  -c -g -O2  conftest.c >&5
configure:3581: $? = 0
configure:3594: result: none needed
configure:3619: checking whether gcc understands -c and -o together
configure:3641: gcc -c conftest.c -o conftest2.o
configure:3644: $? = 0
configure:3641: gcc -c conftest.c -o conftest2.o
configure:3644: $? = 0
configure:3656: result: yes
configure:3673: checking for a sed that does not truncate output
configure:3737: result: /usr/bin/sed
configure:3755: checking for grep that handles long lines and -e
configure:3813: result: /usr/bin/grep
configure:3818: checking for egrep
configure:3880: result: /usr/bin/grep -E
configure:3885: checking for fgrep
configure:3947: result: /usr/bin/grep -F
configure:3982: checking for ld used by gcc
configure:4049: result: /usr/bin/ld
configure:4056: checking if the linker (/usr/bin/ld) is GNU ld
configure:4071: result: yes
configure:4083: checking for BSD- or MS-compatible name lister (nm)
configure:4132: result: /usr/bin/nm -B
configure:4250: checking the name lister (/usr/bin/nm -B) interface
configure:4288: gcc -c -g -O2  conftest.c >&5
configure:4291: /usr/bin/nm -B "conftest.o"
configure:4294: output
0000000000000000 B some_variable
configure:4264: result: BSD nm
configure:4267: checking whether ln -s works
configure:4271: result: yes
configure:4279: checking the maximum length of command line arguments
configure:4405: result: 1572864
configure:4422: checking whether the shell understands some XSI constructs
configure:4431: result: yes
configure:4435: checking whether the shell understands "+="
configure:4439: result: yes
configure:4474: checking for /usr/bin/ld option to reload object files
configure:4481: result: -r
configure:4550: checking for objdump
configure:4566: found /usr/bin/objdump
configure:4577: result: objdump
configure:4606: checking how to recognize dependent libraries
configure:4807: result: pass_all
configure:4867: checking for ar
configure:4883: found /usr/bin/ar
configure:4894: result: ar
configure:4972: checking for strip
configure:4988: found /usr/bin/strip
configure:4999: result: strip
configure:5071: checking for ranlib
configure:5087: found /usr/bin/ranlib
configure:5098: result: ranlib
configure:5188: checking command to parse /usr/bin/nm -B output from gcc object
configure:5306: gcc -c -g -O2  conftest.c >&5
configure:5309: $? = 0
configure:5313: /usr/bin/nm -B conftest.o \| sed -n -e 's/^.*[	 ]\([ABCDGIRSTW][ABCDGIRSTW]*\)[	 ][	 ]*\([_A-Za-z][_A-Za-z0-9]*\)$/\1 \2 \2/p' \> conftest.nm
configure:5316: $? = 0
configure:5370: gcc -o conftest -g -O2   conftest.c conftstm.o >&5
configure:5373: $? = 0
configure:5411: result: ok
configure:5507: gcc -c -g -O2  conftest.c >&5
configure:5510: $? = 0
configure:6218: checking how to run the C preprocessor
configure:6249: gcc -E  conftest.c
configure:6249: $? = 0
configure:6263: gcc -E  conftest.c
conftest.c:9:10: fatal error: ac_nonexistent.h: No such file or directory
    9 | #include <ac_nonexistent.h>
      |          ^~~~~~~~~~~~~~~~~~
compilation terminated.
configure:6263: $? = 1
configure: failed program was:
| /* confdefs.h */
| #define PACKAGE_NAME "SDL2_ttf"
| #define PACKAGE_TARNAME "SDL2_ttf"
| #define PACKAGE_VERSION "2.0.18"
| #define PACKAGE_STRING "SDL2_ttf 2.0.18"
| #define PACKAGE_BUGREPORT "https://github.com/libsdl-org/SDL_ttf/issues"
| #define PACKAGE_URL ""
| /* end confdefs.h.  */
| #include <ac_nonexistent.h>
configure:6288: result: gcc -E
configure:6308: gcc -E  conftest.c
configure:6308: $? = 0
configure:6322: gcc -E  conftest.c
conftest.c:9:10: fatal error: ac_nonexistent.h: No such file or directory
    9 | #include <ac_nonexistent.h>
      |          ^~~~~~~~~~~~~~~~~~
compilation terminated.
configure:6322: $? = 1
configure: failed program was:
| /* confdefs.h */
| #define PACKAGE_NAME "SDL2_ttf"
| #define PACKAGE_TARNAME "SDL2_ttf"
| #define PACKAGE_VERSION "2.0.18"
| #define PACKAGE_STRING "SDL2_ttf 2.0.18"
| #define PACKAGE_BUGREPORT "https://github.com/libsdl-org/SDL_ttf/issues"
| #define PACKAGE_URL ""
| /* end confdefs.h.  */
| #include <ac_nonexistent.h>
configure:6351: checking for ANSI C header files
configure:6371: gcc -c -g -O2  conftest.c >&5
configure:6371: $? = 0
configure:6444: gcc -o conftest -g -O2   conftest.c  >&5
configure:6444: $? = 0
configure:6444: ./conftest
configure:6444: $? = 0
configure:6455: result: yes
configure:6468: checking for sys/types.h
configure:6468: gcc -c -g -O2  conftest.c >&5
configure:6468: $? = 0
configure:6468: result: yes
configure:6468: checking for sys/stat.h
configure:6468: gcc -c -g -O2  conftest.c >&5
configure:6468: $? = 0
configure:6468: result: yes
configure:6468: checking for stdlib.h
configure:6468: gcc -c -g -O2  conftest.c >&5
configure:6468: $? = 0
configure:6468: result: yes
configure:6468: checking for string.h
configure:6468: gcc -c -g -O2  conftest.c >&5
configure:6468: $? = 0
configure:6468: result: yes
configure:6468: checking for memory.h
configure:6468: gcc -c -g -O2  conftest.c >&5
configure:6468: $? = 0
configure:6468: result: yes
configure:6468: checking for strings.h
configure:6468: gcc -c -g -O2  conftest.c >&5
configure:6468: $? = 0
configure:6468: result: yes
configure:6468: checking for inttypes.h
configure:6468: gcc -c -g -O2  conftest.c >&5
configure:6468: $? = 0
configure:6468: result: yes
configure:6468: checking for stdint.h
configure:6468: gcc -c -g -O2  conftest.c >&5
configure:6468: $? = 0
configure:6468: result: yes
configure:6468: checking for unistd.h
configure:6468: gcc -c -g -O2  conftest.c >&5
configure:6468: $? = 0
configure:6468: result: yes
configure:6482: checking for dlfcn.h
configure:6482: gcc -c -g -O2  conftest.c >&5
configure:6482: $? = 0
configure:6482: result: yes
configure:6964: checking for objdir
configure:6979: result: .libs
configure:7275: checking if gcc supports -fno-rtti -fno-exceptions
configure:7333: gcc -c -g -O2  -fno-rtti -fno-exceptions conftest.c >&5
cc1: warning: command line option '-fno-rtti' is valid for C++/D/ObjC++ but not for C
configure:7337: $? = 0
configure:7310: result: no
configure:7330: checking for gcc option to produce PIC
configure:7612: result: -fPIC -DPIC
configure:7624: checking if gcc PIC flag -fPIC -DPIC works
configure:7682: gcc -c -g -O2  -fPIC -DPIC -DPIC conftest.c >&5
configure:7686: $? = 0
configure:7659: result: yes
configure:7683: checking if gcc static flag -static works
configure:7711: result: yes
configure:7726: checking if gcc supports -c -o file.o
configure:7787: gcc -c -g -O2  -o out/conftest2.o conftest.c >&5
configure:7791: $? = 0
configure:7773: result: yes
configure:7781: checking if gcc supports -c -o file.o
configure:7828: result: yes
configure:7861: checking whether the gcc linker (/usr/bin/ld -m elf_x86_64) supports shared libraries
configure:8896: result: yes
configure:8933: checking whether -lc should be explicitly linked in
configure:8938: gcc -c -g -O2  conftest.c >&5
configure:8941: $? = 0
configure:8956: gcc -shared conftest.o  -v -Wl,-soname -Wl,conftest -o conftest 2\>\&1 \| /usr/bin/grep  -lc  \>/dev/null 2\>\&1
configure:8959: $? = 0
configure:8971: result: no
configure:9135: checking dynamic linker characteristics
configure:9570: gcc -o conftest -g -O2   -Wl,-rpath -Wl,/foo conftest.c  >&5
configure:9570: $? = 0
configure:9813: result: GNU/Linux ld.so
configure:9915: checking how to hardcode library paths into programs
configure:9940: result: immediate
configure:10460: checking whether stripping libraries is possible
configure:10465: result: yes
configure:10500: checking if libtool supports shared libraries
configure:10502: result: yes
configure:10505: checking whether to build shared libraries
configure:10526: result: yes
configure:10529: checking whether to build static libraries
configure:10533: result: yes
configure:7807: checking for a BSD-compatible install
configure:7875: result: /usr/bin/install -c
configure:7886: checking whether build environment is sane
configure:7941: result: yes
configure:8082: checking for a thread-safe mkdir -p
configure:8121: result: /usr/bin/mkdir -p
configure:8128: checking for gawk
configure:8158: result: no
configure:8128: checking for mawk
configure:8144: found /usr/bin/mawk
configure:8155: result: mawk
configure:8166: checking whether make sets $(MAKE)
configure:8188: result: yes
configure:8210: checking whether make supports the include directive
configure:8225: make -f confmf.GNU && cat confinc.out
this is the am__doit target
configure:8228: $? = 0
configure:8247: result: yes (GNU style)
configure:8280: checking whether make supports nested variables
configure:8297: result: yes
configure:8386: checking whether UID '1000' is supported by ustar format
configure:8389: result: yes
configure:8396: checking whether GID '1000' is supported by ustar format
configure:8399: result: yes
configure:8407: checking how to create a ustar tar archive
configure:8418: tar --version
tar (GNU tar) 1.30
Copyright (C) 2017 Free Software Foundation, Inc.
License GPLv3+: GNU GPL version 3 or later <https://gnu.org/licenses/gpl.html>.
This is free software: you are free to change and redistribute it.
There is NO WARRANTY, to the extent permitted by law.

Written by John Gilmore and Jay Fenlason.
configure:8421: $? = 0
configure:8461: tardir=conftest.dir && eval tar --format=ustar -cf - "$tardir" >conftest.tar
configure:8464: $? = 0
configure:8468: tar -xf - <conftest.tar
configure:8471: $? = 0
configure:8473: cat conftest.dir/file
GrepMe
configure:8476: $? = 0
configure:8489: result: gnutar
configure:8498: checking dependency style of gcc
configure:8609: result: gcc3
configure:8716: checking for gcc
configure:8743: result: gcc
configure:8972: checking for C compiler version
configure:8981: gcc --version >&5
gcc (Ubuntu 9.4.0-1ubuntu1~20.04.1) 9.4.0
Copyright (C) 2019 Free Software Foundation, Inc.
This is free software; see the source for copying conditions.  There is NO
warranty; not even for MERCHANTABILITY or FITNESS FOR A PARTICULAR PURPOSE.

configure:8992: $? = 0
configure:8981: gcc -v >&5
Using built-in specs.
COLLECT_GCC=gcc
COLLECT_LTO_WRAPPER=/usr/lib/gcc/x86_64-linux-gnu/9/lto-wrapper
OFFLOAD_TARGET_NAMES=nvptx-none:hsa
OFFLOAD_TARGET_DEFAULT=1
Target: x86_64-linux-gnu
Configured with: ../src/configure -v --with-pkgversion='Ubuntu 9.4.0-1ubuntu1~20.04.1' --with-bugurl=file:///usr/share/doc/gcc-9/README.Bugs --enable-languages=c,ada,c++,go,brig,d,fortran,objc,obj-c++,gm2 --prefix=/usr --with-gcc-major-version-only --program-suffix=-9 --program-prefix=x86_64-linux-gnu- --enable-shared --enable-linker-build-id --libexecdir=/usr/lib --without-included-gettext --enable-threads=posix --libdir=/usr/lib --enable-nls --enable-clocale=gnu --enable-libstdcxx-debug --enable-libstdcxx-time=yes --with-default-libstdcxx-abi=new --enable-gnu-unique-object --disable-vtable-verify --enable-plugin --enable-default-pie --with-system-zlib --with-target-system-zlib=auto --enable-objc-gc=auto --enable-multiarch --disable-werror --with-arch-32=i686 --with-abi=m64 --with-multilib-list=m32,m64,mx32 --enable-multilib --with-tune=generic --enable-offload-targets=nvptx-none=/build/gcc-9-Av3uEd/gcc-9-9.4.0/debian/tmp-nvptx/usr,hsa --without-cuda-driver --enable-checking=release --build=x86_64-linux-gnu --host=x86_64-linux-gnu --target=x86_64-linux-gnu
Thread model: posix
gcc version 9.4.0 (Ubuntu 9.4.0-1ubuntu1~20.04.1) 
configure:8992: $? = 0
configure:8981: gcc -V >&5
gcc: error: unrecognized command line option '-V'
gcc: fatal error: no input files
compilation terminated.
configure:8992: $? = 1
configure:8981: gcc -qversion >&5
gcc: error: unrecognized command line option '-qversion'; did you mean '--version'?
gcc: fatal error: no input files
compilation terminated.
configure:8992: $? = 1
configure:8996: checking whether we are using the GNU C compiler
configure:9024: result: yes
configure:9033: checking whether gcc accepts -g
configure:9094: result: yes
configure:9111: checking for gcc option to accept ISO C89
configure:9187: result: none needed
configure:9212: checking whether gcc understands -c and -o together
configure:9249: result: yes
configure:9324: checking for g++
configure:9340: found /usr/bin/g++
configure:9351: result: g++
configure:9378: checking for C++ compiler version
configure:9387: g++ --version >&5
g++ (Ubuntu 9.4.0-1ubuntu1~20.04.1) 9.4.0
Copyright (C) 2019 Free Software Foundation, Inc.
This is free software; see the source for copying conditions.  There is NO
warranty; not even for MERCHANTABILITY or FITNESS FOR A PARTICULAR PURPOSE.

configure:9398: $? = 0
configure:9387: g++ -v >&5
Using built-in specs.
COLLECT_GCC=g++
COLLECT_LTO_WRAPPER=/usr/lib/gcc/x86_64-linux-gnu/9/lto-wrapper
OFFLOAD_TARGET_NAMES=nvptx-none:hsa
OFFLOAD_TARGET_DEFAULT=1
Target: x86_64-linux-gnu
Configured with: ../src/configure -v --with-pkgversion='Ubuntu 9.4.0-1ubuntu1~20.04.1' --with-bugurl=file:///usr/share/doc/gcc-9/README.Bugs --enable-languages=c,ada,c++,go,brig,d,fortran,objc,obj-c++,gm2 --prefix=/usr --with-gcc-major-version-only --program-suffix=-9 --program-prefix=x86_64-linux-gnu- --enable-shared --enable-linker-build-id --libexecdir=/usr/lib --without-included-gettext --enable-threads=posix --libdir=/usr/lib --enable-nls --enable-clocale=gnu --enable-libstdcxx-debug --enable-libstdcxx-time=yes --with-default-libstdcxx-abi=new --enable-gnu-unique-object --disable-vtable-verify --enable-plugin --enable-default-pie --with-system-zlib --with-target-system-zlib=auto --enable-objc-gc=auto --enable-multiarch --disable-werror --with-arch-32=i686 --with-abi=m64 --with-multilib-list=m32,m64,mx32 --enable-multilib --with-tune=generic --enable-offload-targets=nvptx-none=/build/gcc-9-Av3uEd/gcc-9-9.4.0/debian/tmp-nvptx/usr,hsa --without-cuda-driver --enable-checking=release --build=x86_64-linux-gnu --host=x86_64-linux-gnu --target=x86_64-linux-gnu
Thread model: posix
gcc version 9.4.0 (Ubuntu 9.4.0-1ubuntu1~20.04.1) 
configure:9398: $? = 0
configure:9387: g++ -V >&5
g++: error: unrecognized command line option '-V'
g++: fatal error: no input files
compilation terminated.
configure:9398: $? = 1
configure:9387: g++ -qversion >&5
g++: error: unrecognized command line option '-qversion'; did you mean '--version'?
g++: fatal error: no input files
compilation terminated.
configure:9398: $? = 1
configure:9402: checking whether we are using the GNU C++ compiler
configure:9421: g++ -c   conftest.cpp >&5
configure:9421: $? = 0
configure:9430: result: yes
configure:9439: checking whether g++ accepts -g
configure:9459: g++ -c -g  conftest.cpp >&5
configure:9459: $? = 0
configure:9500: result: yes
configure:9636: checking for C++ compiler version
configure:9645: g++ --version >&5
g++ (Ubuntu 9.4.0-1ubuntu1~20.04.1) 9.4.0
Copyright (C) 2019 Free Software Foundation, Inc.
This is free software; see the source for copying conditions.  There is NO
warranty; not even for MERCHANTABILITY or FITNESS FOR A PARTICULAR PURPOSE.

configure:9656: $? = 0
configure:9645: g++ -v >&5
Using built-in specs.
COLLECT_GCC=g++
COLLECT_LTO_WRAPPER=/usr/lib/gcc/x86_64-linux-gnu/9/lto-wrapper
OFFLOAD_TARGET_NAMES=nvptx-none:hsa
OFFLOAD_TARGET_DEFAULT=1
Target: x86_64-linux-gnu
Configured with: ../src/configure -v --with-pkgversion='Ubuntu 9.4.0-1ubuntu1~20.04.1' --with-bugurl=file:///usr/share/doc/gcc-9/README.Bugs --enable-languages=c,ada,c++,go,brig,d,fortran,objc,obj-c++,gm2 --prefix=/usr --with-gcc-major-version-only --program-suffix=-9 --program-prefix=x86_64-linux-gnu- --enable-shared --enable-linker-build-id --libexecdir=/usr/lib --without-included-gettext --enable-threads=posix --libdir=/usr/lib --enable-nls --enable-clocale=gnu --enable-libstdcxx-debug --enable-libstdcxx-time=yes --with-default-libstdcxx-abi=new --enable-gnu-unique-object --disable-vtable-verify --enable-plugin --enable-default-pie --with-system-zlib --with-target-system-zlib=auto --enable-objc-gc=auto --enable-multiarch --disable-werror --with-arch-32=i686 --with-abi=m64 --with-multilib-list=m32,m64,mx32 --enable-multilib --with-tune=generic --enable-offload-targets=nvptx-none=/build/gcc-9-Av3uEd/gcc-9-9.4.0/debian/tmp-nvptx/usr,hsa --without-cuda-driver --enable-checking=release --build=x86_64-linux-gnu --host=x86_64-linux-gnu --target=x86_64-linux-gnu
Thread model: posix
gcc version 9.4.0 (Ubuntu 9.4.0-1ubuntu1~20.04.1) 
configure:9656: $? = 0
configure:9645: g++ -V >&5
g++: error: unrecognized command line option '-V'
g++: fatal error: no input files
compilation terminated.
configure:9656: $? = 1
configure:9645: g++ -qversion >&5
g++: error: unrecognized command line option '-qversion'; did you mean '--version'?
g++: fatal error: no input files
compilation terminated.
configure:9656: $? = 1
configure:9660: checking whether we are using the GNU C++ compiler
configure:9688: result: yes
configure:9697: checking whether g++ accepts -g
configure:9758: result: yes
configure:9783: checking dependency style of g++
configure:9894: result: gcc3
configure:9917: checking how to run the C++ preprocessor
configure:9944: g++ -E  conftest.cpp
configure:9944: $? = 0
configure:9958: g++ -E  conftest.cpp
conftest.cpp:23:10: fatal error: ac_nonexistent.h: No such file or directory
   23 | #include <ac_nonexistent.h>
      |          ^~~~~~~~~~~~~~~~~~
compilation terminated.
configure:9958: $? = 1
configure: failed program was:
| /* confdefs.h */
| #define PACKAGE_NAME "SDL2_ttf"
| #define PACKAGE_TARNAME "SDL2_ttf"
| #define PACKAGE_VERSION "2.0.18"
| #define PACKAGE_STRING "SDL2_ttf 2.0.18"
| #define PACKAGE_BUGREPORT "https://github.com/libsdl-org/SDL_ttf/issues"
| #define PACKAGE_URL ""
| #define STDC_HEADERS 1
| #define HAVE_SYS_TYPES_H 1
| #define HAVE_SYS_STAT_H 1
| #define HAVE_STDLIB_H 1
| #define HAVE_STRING_H 1
| #define HAVE_MEMORY_H 1
| #define HAVE_STRINGS_H 1
| #define HAVE_INTTYPES_H 1
| #define HAVE_STDINT_H 1
| #define HAVE_UNISTD_H 1
| #define HAVE_DLFCN_H 1
| #define LT_OBJDIR ".libs/"
| #define PACKAGE "SDL2_ttf"
| #define VERSION "2.0.18"
| /* end confdefs.h.  */
| #include <ac_nonexistent.h>
configure:9983: result: g++ -E
configure:10003: g++ -E  conftest.cpp
configure:10003: $? = 0
configure:10017: g++ -E  conftest.cpp
conftest.cpp:23:10: fatal error: ac_nonexistent.h: No such file or directory
   23 | #include <ac_nonexistent.h>
      |          ^~~~~~~~~~~~~~~~~~
compilation terminated.
configure:10017: $? = 1
configure: failed program was:
| /* confdefs.h */
| #define PACKAGE_NAME "SDL2_ttf"
| #define PACKAGE_TARNAME "SDL2_ttf"
| #define PACKAGE_VERSION "2.0.18"
| #define PACKAGE_STRING "SDL2_ttf 2.0.18"
| #define PACKAGE_BUGREPORT "https://github.com/libsdl-org/SDL_ttf/issues"
| #define PACKAGE_URL ""
| #define STDC_HEADERS 1
| #define HAVE_SYS_TYPES_H 1
| #define HAVE_SYS_STAT_H 1
| #define HAVE_STDLIB_H 1
| #define HAVE_STRING_H 1
| #define HAVE_MEMORY_H 1
| #define HAVE_STRINGS_H 1
| #define HAVE_INTTYPES_H 1
| #define HAVE_STDINT_H 1
| #define HAVE_UNISTD_H 1
| #define HAVE_DLFCN_H 1
| #define LT_OBJDIR ".libs/"
| #define PACKAGE "SDL2_ttf"
| #define VERSION "2.0.18"
| /* end confdefs.h.  */
| #include <ac_nonexistent.h>
configure:10185: checking for ld used by g++
configure:10252: result: /usr/bin/ld -m elf_x86_64
configure:10259: checking if the linker (/usr/bin/ld -m elf_x86_64) is GNU ld
configure:10274: result: yes
configure:10329: checking whether the g++ linker (/usr/bin/ld -m elf_x86_64) supports shared libraries
configure:11270: result: yes
configure:11298: g++ -c -g -O2  conftest.cpp >&5
configure:11301: $? = 0
configure:11483: checking for g++ option to produce PIC
configure:11805: result: -fPIC -DPIC
configure:11814: checking if g++ PIC flag -fPIC -DPIC works
configure:14665: g++ -c -g -O2  -fPIC -DPIC -DPIC conftest.cpp >&5
configure:14669: $? = 0
configure:11849: result: yes
configure:11870: checking if g++ static flag -static works
configure:11898: result: yes
configure:11910: checking if g++ supports -c -o file.o
configure:14764: g++ -c -g -O2  -o out/conftest2.o conftest.cpp >&5
configure:14768: $? = 0
configure:11957: result: yes
configure:11962: checking if g++ supports -c -o file.o
configure:12009: result: yes
configure:12039: checking whether the g++ linker (/usr/bin/ld -m elf_x86_64) supports shared libraries
configure:12065: result: yes
configure:12202: checking dynamic linker characteristics
configure:12585: g++ -o conftest -g -O2   -Wl,-rpath -Wl,/foo conftest.cpp  >&5
configure:12585: $? = 0
configure:12828: result: GNU/Linux ld.so
configure:12879: checking how to hardcode library paths into programs
configure:12904: result: immediate
configure:11943: checking dependency style of g++
configure:12054: result: gcc3
configure:12070: checking whether make sets $(MAKE)
configure:12092: result: yes
configure:12110: checking for windres
configure:12140: result: no
configure:12110: checking for linux-gnu-windres
configure:12140: result: no
configure:12153: checking for size_t
configure:12153: gcc -c -g -O2  conftest.c >&5
configure:12153: $? = 0
configure:12153: gcc -c -g -O2  conftest.c >&5
conftest.c: In function 'main':
conftest.c:59:21: error: expected expression before ')' token
   59 | if (sizeof ((size_t)))
      |                     ^
configure:12153: $? = 1
configure: failed program was:
| /* confdefs.h */
| #define PACKAGE_NAME "SDL2_ttf"
| #define PACKAGE_TARNAME "SDL2_ttf"
| #define PACKAGE_VERSION "2.0.18"
| #define PACKAGE_STRING "SDL2_ttf 2.0.18"
| #define PACKAGE_BUGREPORT "https://github.com/libsdl-org/SDL_ttf/issues"
| #define PACKAGE_URL ""
| #define STDC_HEADERS 1
| #define HAVE_SYS_TYPES_H 1
| #define HAVE_SYS_STAT_H 1
| #define HAVE_STDLIB_H 1
| #define HAVE_STRING_H 1
| #define HAVE_MEMORY_H 1
| #define HAVE_STRINGS_H 1
| #define HAVE_INTTYPES_H 1
| #define HAVE_STDINT_H 1
| #define HAVE_UNISTD_H 1
| #define HAVE_DLFCN_H 1
| #define LT_OBJDIR ".libs/"
| #define PACKAGE "SDL2_ttf"
| #define VERSION "2.0.18"
| /* end confdefs.h.  */
| #include <stdio.h>
| #ifdef HAVE_SYS_TYPES_H
| # include <sys/types.h>
| #endif
| #ifdef HAVE_SYS_STAT_H
| # include <sys/stat.h>
| #endif
| #ifdef STDC_HEADERS
| # include <stdlib.h>
| # include <stddef.h>
| #else
| # ifdef HAVE_STDLIB_H
| #  include <stdlib.h>
| # endif
| #endif
| #ifdef HAVE_STRING_H
| # if !defined STDC_HEADERS && defined HAVE_MEMORY_H
| #  include <memory.h>
| # endif
| # include <string.h>
| #endif
| #ifdef HAVE_STRINGS_H
| # include <strings.h>
| #endif
| #ifdef HAVE_INTTYPES_H
| # include <inttypes.h>
| #endif
| #ifdef HAVE_STDINT_H
| # include <stdint.h>
| #endif
| #ifdef HAVE_UNISTD_H
| # include <unistd.h>
| #endif
| int
| main ()
| {
| if (sizeof ((size_t)))
| 	    return 0;
|   ;
|   return 0;
| }
configure:12153: result: yes
configure:12166: checking for working alloca.h
configure:12183: gcc -o conftest -g -O2   conftest.c  >&5
configure:12183: $? = 0
configure:12191: result: yes
configure:12199: checking for alloca
configure:12236: gcc -o conftest -g -O2   conftest.c  >&5
configure:12236: $? = 0
configure:12244: result: yes
configure:12447: checking for pkg-config
configure:12465: found /usr/bin/pkg-config
configure:12477: result: /usr/bin/pkg-config
configure:12502: checking pkg-config is at least version 0.9.0
configure:12505: result: yes
configure:12542: checking for sdl2 >= 2.0.12
configure:12549: $PKG_CONFIG --exists --print-errors "sdl2 >= $min_sdl_version"
configure:12552: $? = 0
configure:12566: $PKG_CONFIG --exists --print-errors "sdl2 >= $min_sdl_version"
configure:12569: $? = 0
configure:12607: result: yes
configure:13576: checking whether g++ supports C++11 features by default
configure:13870: g++ -c -g -O2  conftest.cpp >&5
configure:13870: $? = 0
configure:13877: result: yes
configure:14556: checking alignment of struct{char;}
configure:14561: gcc -o conftest -g -O2 -D_REENTRANT -I/usr/local/include/SDL2   conftest.c  -L/usr/local/lib -Wl,-rpath,/usr/local/lib -Wl,--enable-new-dtags -lSDL2 >&5
conftest.c:63:37: warning: declaration does not declare anything
   63 | typedef struct { char x; struct{char;} y; } ac__type_alignof_;
      |                                     ^
configure:14561: $? = 0
configure:14561: ./conftest
configure:14561: $? = 0
configure:14579: result: 1
configure:14751: checking for GCC -fvisibility=hidden option
configure:14780: gcc -c -g -O2 -D_REENTRANT -I/usr/local/include/SDL2 -fvisibility=hidden -Werror  conftest.c >&5
configure:14780: $? = 0
configure:14784: result: yes
configure:14816: checking for X
configure:14924: gcc -E  conftest.c
configure:14924: $? = 0
configure:14955: gcc -o conftest -g -O2 -D_REENTRANT -I/usr/local/include/SDL2 -fvisibility=hidden   conftest.c -lX11  -L/usr/local/lib -Wl,-rpath,/usr/local/lib -Wl,--enable-new-dtags -lSDL2 >&5
configure:14955: $? = 0
configure:15005: result: libraries , headers 
configure:15104: gcc -o conftest -g -O2 -D_REENTRANT -I/usr/local/include/SDL2 -fvisibility=hidden   conftest.c  -L/usr/local/lib -Wl,-rpath,/usr/local/lib -Wl,--enable-new-dtags -lSDL2  -lX11 >&5
configure:15104: $? = 0
configure:15202: checking for gethostbyname
configure:15202: gcc -o conftest -g -O2 -D_REENTRANT -I/usr/local/include/SDL2 -fvisibility=hidden   conftest.c  -L/usr/local/lib -Wl,-rpath,/usr/local/lib -Wl,--enable-new-dtags -lSDL2 >&5
configure:15202: $? = 0
configure:15202: result: yes
configure:15299: checking for connect
configure:15299: gcc -o conftest -g -O2 -D_REENTRANT -I/usr/local/include/SDL2 -fvisibility=hidden   conftest.c  -L/usr/local/lib -Wl,-rpath,/usr/local/lib -Wl,--enable-new-dtags -lSDL2 >&5
configure:15299: $? = 0
configure:15299: result: yes
configure:15348: checking for remove
configure:15348: gcc -o conftest -g -O2 -D_REENTRANT -I/usr/local/include/SDL2 -fvisibility=hidden   conftest.c  -L/usr/local/lib -Wl,-rpath,/usr/local/lib -Wl,--enable-new-dtags -lSDL2 >&5
configure:15348: $? = 0
configure:15348: result: yes
configure:15397: checking for shmat
configure:15397: gcc -o conftest -g -O2 -D_REENTRANT -I/usr/local/include/SDL2 -fvisibility=hidden   conftest.c  -L/usr/local/lib -Wl,-rpath,/usr/local/lib -Wl,--enable-new-dtags -lSDL2 >&5
configure:15397: $? = 0
configure:15397: result: yes
configure:15455: checking for IceConnectionNumber in -lICE
configure:15480: gcc -o conftest -g -O2 -D_REENTRANT -I/usr/local/include/SDL2 -fvisibility=hidden   conftest.c -lICE   -L/usr/local/lib -Wl,-rpath,/usr/local/lib -Wl,--enable-new-dtags -lSDL2 >&5
configure:15480: $? = 0
configure:15489: result: yes
configure:15507: checking for OpenGL support
configure:15527: gcc -o conftest -g -O2 -D_REENTRANT -I/usr/local/include/SDL2 -fvisibility=hidden    conftest.c  -L/usr/local/lib -Wl,-rpath,/usr/local/lib -Wl,--enable-new-dtags -lSDL2  -lGL >&5
configure:15527: $? = 0
configure:15532: result: yes
configure:15690: checking that generated files are newer than configure
configure:15696: result: done
configure:15743: creating ./config.status

## ---------------------- ##
## Running config.status. ##
## ---------------------- ##

This file was extended by SDL2_ttf config.status 2.0.18, which was
generated by GNU Autoconf 2.69.  Invocation command line was

  CONFIG_FILES    = 
  CONFIG_HEADERS  = 
  CONFIG_LINKS    = 
  CONFIG_COMMANDS = 
  $ ./config.status 

on pirozhok-GF63-8RC

config.status:1095: creating Makefile
config.status:1095: creating SDL2_ttf.spec
config.status:1095: creating SDL2_ttf.pc
config.status:1252: executing libtool commands
config.status:1252: executing depfiles commands
config.status:2137: cd .       && sed -e '/# am--include-marker/d' Makefile         | make -f - am--depfiles
config.status:2142: $? = 0
config.status:1252: executing summary commands

## ---------------- ##
## Cache variables. ##
## ---------------- ##

ac_cv_alignof_struct_char__=1
ac_cv_build=x86_64-pc-linux-gnu
ac_cv_c_compiler_gnu=yes
ac_cv_cxx_compiler_gnu=yes
ac_cv_env_CCC_set=
ac_cv_env_CCC_value=
ac_cv_env_CC_set=
ac_cv_env_CC_value=
ac_cv_env_CFLAGS_set=
ac_cv_env_CFLAGS_value=
ac_cv_env_CPPFLAGS_set=
ac_cv_env_CPPFLAGS_value=
ac_cv_env_CPP_set=
ac_cv_env_CPP_value=
ac_cv_env_CXXCPP_set=
ac_cv_env_CXXCPP_value=
ac_cv_env_CXXFLAGS_set=
ac_cv_env_CXXFLAGS_value=
ac_cv_env_CXX_set=
ac_cv_env_CXX_value=
ac_cv_env_FT2_CFLAGS_set=
ac_cv_env_FT2_CFLAGS_value=
ac_cv_env_FT2_LIBS_set=
ac_cv_env_FT2_LIBS_value=
ac_cv_env_HB_CFLAGS_set=
ac_cv_env_HB_CFLAGS_value=
ac_cv_env_HB_LIBS_set=
ac_cv_env_HB_LIBS_value=
ac_cv_env_LDFLAGS_set=
ac_cv_env_LDFLAGS_value=
ac_cv_env_LIBS_set=
ac_cv_env_LIBS_value=
ac_cv_env_PKG_CONFIG_LIBDIR_set=
ac_cv_env_PKG_CONFIG_LIBDIR_value=
ac_cv_env_PKG_CONFIG_PATH_set=
ac_cv_env_PKG_CONFIG_PATH_value=
ac_cv_env_PKG_CONFIG_set=
ac_cv_env_PKG_CONFIG_value=
ac_cv_env_SDL_CFLAGS_set=
ac_cv_env_SDL_CFLAGS_value=
ac_cv_env_SDL_LIBS_set=
ac_cv_env_SDL_LIBS_value=
ac_cv_env_XMKMF_set=
ac_cv_env_XMKMF_value=
ac_cv_env_build_alias_set=
ac_cv_env_build_alias_value=
ac_cv_env_host_alias_set=
ac_cv_env_host_alias_value=
ac_cv_env_target_alias_set=
ac_cv_env_target_alias_value=
ac_cv_func_alloca_works=yes
ac_cv_func_connect=yes
ac_cv_func_gethostbyname=yes
ac_cv_func_remove=yes
ac_cv_func_shmat=yes
ac_cv_have_x='have_x=yes	ac_x_includes='\'''\''	ac_x_libraries='\'''\'''
ac_cv_header_dlfcn_h=yes
ac_cv_header_inttypes_h=yes
ac_cv_header_memory_h=yes
ac_cv_header_stdc=yes
ac_cv_header_stdint_h=yes
ac_cv_header_stdlib_h=yes
ac_cv_header_string_h=yes
ac_cv_header_strings_h=yes
ac_cv_header_sys_stat_h=yes
ac_cv_header_sys_types_h=yes
ac_cv_header_unistd_h=yes
ac_cv_host=x86_64-pc-linux-gnu
ac_cv_lib_ICE_IceConnectionNumber=yes
ac_cv_objext=o
ac_cv_path_EGREP='/usr/bin/grep -E'
ac_cv_path_FGREP='/usr/bin/grep -F'
ac_cv_path_GREP=/usr/bin/grep
ac_cv_path_SED=/usr/bin/sed
ac_cv_path_ac_pt_PKG_CONFIG=/usr/bin/pkg-config
ac_cv_path_install='/usr/bin/install -c'
ac_cv_path_mkdir=/usr/bin/mkdir
ac_cv_prog_AWK=mawk
ac_cv_prog_CPP='gcc -E'
ac_cv_prog_CXXCPP='g++ -E'
ac_cv_prog_ac_ct_AR=ar
ac_cv_prog_ac_ct_CC=gcc
ac_cv_prog_ac_ct_CXX=g++
ac_cv_prog_ac_ct_OBJDUMP=objdump
ac_cv_prog_ac_ct_RANLIB=ranlib
ac_cv_prog_ac_ct_STRIP=strip
ac_cv_prog_cc_c89=
ac_cv_prog_cc_g=yes
ac_cv_prog_cxx_g=yes
ac_cv_prog_make_make_set=yes
ac_cv_type_size_t=yes
ac_cv_working_alloca_h=yes
am_cv_CC_dependencies_compiler_type=gcc3
am_cv_CXX_dependencies_compiler_type=gcc3
am_cv_make_support_nested_variables=yes
am_cv_prog_cc_c_o=yes
am_cv_prog_tar_ustar=gnutar
ax_cv_cxx_compile_cxx11=yes
lt_cv_deplibs_check_method=pass_all
lt_cv_file_magic_cmd='$MAGIC_CMD'
lt_cv_file_magic_test_file=
lt_cv_ld_reload_flag=-r
lt_cv_nm_interface='BSD nm'
lt_cv_objdir=.libs
lt_cv_path_LD=/usr/bin/ld
lt_cv_path_LDCXX='/usr/bin/ld -m elf_x86_64'
lt_cv_path_NM='/usr/bin/nm -B'
lt_cv_prog_compiler_c_o=yes
lt_cv_prog_compiler_c_o_CXX=yes
lt_cv_prog_compiler_pic_works=yes
lt_cv_prog_compiler_pic_works_CXX=yes
lt_cv_prog_compiler_rtti_exceptions=no
lt_cv_prog_compiler_static_works=yes
lt_cv_prog_compiler_static_works_CXX=yes
lt_cv_prog_gnu_ld=yes
lt_cv_prog_gnu_ldcxx=yes
lt_cv_sys_global_symbol_pipe='sed -n -e '\''s/^.*[	 ]\([ABCDGIRSTW][ABCDGIRSTW]*\)[	 ][	 ]*\([_A-Za-z][_A-Za-z0-9]*\)$/\1 \2 \2/p'\'''
lt_cv_sys_global_symbol_to_c_name_address='sed -n -e '\''s/^: \([^ ]*\) $/  {\"\1\", (void *) 0},/p'\'' -e '\''s/^[ABCDGIRSTW]* \([^ ]*\) \([^ ]*\)$/  {"\2", (void *) \&\2},/p'\'''
lt_cv_sys_global_symbol_to_c_name_address_lib_prefix='sed -n -e '\''s/^: \([^ ]*\) $/  {\"\1\", (void *) 0},/p'\'' -e '\''s/^[ABCDGIRSTW]* \([^ ]*\) \(lib[^ ]*\)$/  {"\2", (void *) \&\2},/p'\'' -e '\''s/^[ABCDGIRSTW]* \([^ ]*\) \([^ ]*\)$/  {"lib\2", (void *) \&\2},/p'\'''
lt_cv_sys_global_symbol_to_cdecl='sed -n -e '\''s/^T .* \(.*\)$/extern int \1();/p'\'' -e '\''s/^[ABCDGIRSTW]* .* \(.*\)$/extern char \1;/p'\'''
lt_cv_sys_max_cmd_len=1572864
pkg_cv_SDL_CFLAGS='-D_REENTRANT -I/usr/local/include/SDL2'
pkg_cv_SDL_LIBS='-L/usr/local/lib -Wl,-rpath,/usr/local/lib -Wl,--enable-new-dtags -lSDL2'

## ----------------- ##
## Output variables. ##
## ----------------- ##

ACLOCAL='${SHELL} '\''/home/pirozhok/opengl_sdl_c_3dengine/include/SDL2_ttf/missing'\'' aclocal-1.16'
ALLOCA=''
AMDEPBACKSLASH='\'
AMDEP_FALSE='#'
AMDEP_TRUE=''
AMTAR='$${TAR-tar}'
AM_BACKSLASH='\'
AM_DEFAULT_V='$(AM_DEFAULT_VERBOSITY)'
AM_DEFAULT_VERBOSITY='1'
AM_V='$(V)'
AR='ar'
AS='as'
AUTOCONF='${SHELL} '\''/home/pirozhok/opengl_sdl_c_3dengine/include/SDL2_ttf/missing'\'' autoconf'
AUTOHEADER='${SHELL} '\''/home/pirozhok/opengl_sdl_c_3dengine/include/SDL2_ttf/missing'\'' autoheader'
AUTOMAKE='${SHELL} '\''/home/pirozhok/opengl_sdl_c_3dengine/include/SDL2_ttf/missing'\'' automake-1.16'
AWK='mawk'
BINARY_AGE='18'
CC='gcc'
CCDEPMODE='depmode=gcc3'
CFLAGS='-g -O2 -D_REENTRANT -I/usr/local/include/SDL2 -fvisibility=hidden  -DHAVE_OPENGL'
CPP='gcc -E'
CPPFLAGS=''
CXX='g++'
CXXCPP='g++ -E'
CXXDEPMODE='depmode=gcc3'
CXXFLAGS='-g -O2 -Wno-unused-result -fno-rtti -fno-exceptions -fno-threadsafe-statics -fvisibility=hidden'
CYGPATH_W='echo'
DEFS='-DPACKAGE_NAME=\"SDL2_ttf\" -DPACKAGE_TARNAME=\"SDL2_ttf\" -DPACKAGE_VERSION=\"2.0.18\" -DPACKAGE_STRING=\"SDL2_ttf\ 2.0.18\" -DPACKAGE_BUGREPORT=\"https://github.com/libsdl-org/SDL_ttf/issues\" -DPACKAGE_URL=\"\" -DSTDC_HEADERS=1 -DHAVE_SYS_TYPES_H=1 -DHAVE_SYS_STAT_H=1 -DHAVE_STDLIB_H=1 -DHAVE_STRING_H=1 -DHAVE_MEMORY_H=1 -DHAVE_STRINGS_H=1 -DHAVE_INTTYPES_H=1 -DHAVE_STDINT_H=1 -DHAVE_UNISTD_H=1 -DHAVE_DLFCN_H=1 -DLT_OBJDIR=\".libs/\" -DPACKAGE=\"SDL2_ttf\" -DVERSION=\"2.0.18\" -DHAVE_ALLOCA_H=1 -DHAVE_ALLOCA=1 -DTTF_USE_HARFBUZZ=1 -DHAVE_CXX11=1 -DALIGNOF_STRUCT_CHAR__=1'
DEPDIR='.deps'
DLLTOOL='dlltool'
DSYMUTIL=''
DUMPBIN=''
ECHO_C=''
ECHO_N='-n'
ECHO_T=''
EGREP='/usr/bin/grep -E'
EXEEXT=''
FGREP='/usr/bin/grep -F'
FT2_CFLAGS=''
FT2_CONFIG=''
FT2_LIBS=''
GL_LIBS=' -lGL'
GREP='/usr/bin/grep'
HAVE_CXX11='1'
HB_CFLAGS=''
HB_LIBS=''
INSTALL_DATA='${INSTALL} -m 644'
INSTALL_PROGRAM='${INSTALL}'
INSTALL_SCRIPT='${INSTALL}'
INSTALL_STRIP_PROGRAM='$(install_sh) -c -s'
INTERFACE_AGE='0'
LD='/usr/bin/ld -m elf_x86_64'
LDFLAGS=''
LIBOBJS=''
LIBS=' -L/usr/local/lib -Wl,-rpath,/usr/local/lib -Wl,--enable-new-dtags -lSDL2'
LIBTOOL='$(SHELL) $(top_builddir)/libtool'
LIPO=''
LN_S='ln -s'
LTLIBOBJS=''
LT_AGE='18'
LT_CURRENT='18'
LT_EXTRA=''
LT_RELEASE='2.0'
LT_REVISION='0'
MAJOR_VERSION='2'
MAKEINFO='${SHELL} '\''/home/pirozhok/opengl_sdl_c_3dengine/include/SDL2_ttf/missing'\'' makeinfo'
MATHLIB='-lm'
MICRO_VERSION='18'
MINOR_VERSION='0'
MKDIR_P='/usr/bin/mkdir -p'
NM='/usr/bin/nm -B'
NMEDIT=''
OBJDUMP='objdump'
OBJEXT='o'
OS_WIN32_FALSE=''
OS_WIN32_TRUE='#'
OTOOL64=''
OTOOL=''
PACKAGE='SDL2_ttf'
PACKAGE_BUGREPORT='https://github.com/libsdl-org/SDL_ttf/issues'
PACKAGE_NAME='SDL2_ttf'
PACKAGE_STRING='SDL2_ttf 2.0.18'
PACKAGE_TARNAME='SDL2_ttf'
PACKAGE_URL=''
PACKAGE_VERSION='2.0.18'
PATH_SEPARATOR=':'
PKG_CONFIG='/usr/bin/pkg-config'
PKG_CONFIG_LIBDIR=''
PKG_CONFIG_PATH=''
RANLIB='ranlib'
SDL2_CONFIG='pkg-config sdl2'
SDL_CFLAGS='-D_REENTRANT -I/usr/local/include/SDL2'
SDL_LIBS='-L/usr/local/lib -Wl,-rpath,/usr/local/lib -Wl,--enable-new-dtags -lSDL2'
SDL_VERSION='2.0.12'
SED='/usr/bin/sed'
SET_MAKE=''
SHELL='/bin/bash'
STRIP='strip'
TTF_CFLAGS=''
TTF_LIBS=''
USE_BUILTIN_FREETYPE_FALSE='#'
USE_BUILTIN_FREETYPE_TRUE=''
USE_BUILTIN_HARFBUZZ_FALSE='#'
USE_BUILTIN_HARFBUZZ_TRUE=''
USE_VERSION_RC_FALSE=''
USE_VERSION_RC_TRUE='#'
VERSION='2.0.18'
WINDRES=''
XMKMF=''
X_CFLAGS=''
X_EXTRA_LIBS=''
X_LIBS=''
X_PRE_LIBS=' -lSM -lICE'
ac_ct_CC='gcc'
ac_ct_CXX='g++'
ac_ct_DUMPBIN=''
am__EXEEXT_FALSE=''
am__EXEEXT_TRUE='#'
am__fastdepCC_FALSE='#'
am__fastdepCC_TRUE=''
am__fastdepCXX_FALSE='#'
am__fastdepCXX_TRUE=''
am__include='include'
am__isrc=' -I$(srcdir)'
am__leading_dot='.'
am__nodep='_no'
am__quote=''
am__tar='tar --format=ustar -cf - "$$tardir"'
am__untar='tar -xf -'
bindir='${exec_prefix}/bin'
build='x86_64-pc-linux-gnu'
build_alias=''
build_cpu='x86_64'
build_os='linux-gnu'
build_vendor='pc'
datadir='${datarootdir}'
datarootdir='${prefix}/share'
docdir='${datarootdir}/doc/${PACKAGE_TARNAME}'
dvidir='${docdir}'
exec_prefix='${prefix}'
host='x86_64-pc-linux-gnu'
host_alias=''
host_cpu='x86_64'
host_os='linux-gnu'
host_vendor='pc'
htmldir='${docdir}'
includedir='${prefix}/include'
infodir='${datarootdir}/info'
install_sh='${SHELL} /home/pirozhok/opengl_sdl_c_3dengine/include/SDL2_ttf/install-sh'
libdir='${exec_prefix}/lib'
libexecdir='${exec_prefix}/libexec'
localedir='${datarootdir}/locale'
localstatedir='${prefix}/var'
lt_ECHO='echo'
mandir='${datarootdir}/man'
mkdir_p='$(MKDIR_P)'
oldincludedir='/usr/include'
pdfdir='${docdir}'
prefix='/usr/local'
program_transform_name='s,x,x,'
psdir='${docdir}'
sbindir='${exec_prefix}/sbin'
sharedstatedir='${prefix}/com'
sysconfdir='${prefix}/etc'
target_alias=''

## ----------- ##
## confdefs.h. ##
## ----------- ##

/* confdefs.h */
#define PACKAGE_NAME "SDL2_ttf"
#define PACKAGE_TARNAME "SDL2_ttf"
#define PACKAGE_VERSION "2.0.18"
#define PACKAGE_STRING "SDL2_ttf 2.0.18"
#define PACKAGE_BUGREPORT "https://github.com/libsdl-org/SDL_ttf/issues"
#define PACKAGE_URL ""
#define STDC_HEADERS 1
#define HAVE_SYS_TYPES_H 1
#define HAVE_SYS_STAT_H 1
#define HAVE_STDLIB_H 1
#define HAVE_STRING_H 1
#define HAVE_MEMORY_H 1
#define HAVE_STRINGS_H 1
#define HAVE_INTTYPES_H 1
#define HAVE_STDINT_H 1
#define HAVE_UNISTD_H 1
#define HAVE_DLFCN_H 1
#define LT_OBJDIR ".libs/"
#define PACKAGE "SDL2_ttf"
#define VERSION "2.0.18"
#define HAVE_ALLOCA_H 1
#define HAVE_ALLOCA 1
#define TTF_USE_HARFBUZZ 1
#define HAVE_CXX11 1
#define ALIGNOF_STRUCT_CHAR__ 1

configure: exit 0
